<?xml version="1.0" encoding="UTF-8"?>
<!-- Generated by org.testng.reporters.JUnitReportReporter -->
<testsuite skipped="0" hostname="DESKTOP-OH5VSFP" name="ReqresTest" tests="2" failures="0" timestamp="03 Aug 2020 12:36:10 GMT" time="3.720" errors="0">
  <testcase name="Test_02" time="0.951" classname="ReqresTest"/>
  <testcase name="Test_01" time="2.769" classname="ReqresTest"/>
</testsuite> <!-- ReqresTest -->
